<?xml version="1.0" encoding="UTF-8"?>
<!-- Generated by org.testng.reporters.JUnitXMLReporter -->
<testsuite ignored="0" hostname="Users-MBP.lan" failures="0" tests="6" name="Basic String ane Arithmatic Operations" time="26.005" errors="0" timestamp="2024-06-20T23:56:53 WEST">
  <testcase classname="simplesurance.CreateSingleInsuranceWithDebitTestRunner" name="testLogin" time="1.226"/>
  <testcase classname="simplesurance.CreateSingleInsuranceWithDebitTestRunner" name="testCreateInsuranceWithDebit" time="7.21"/>
  <testcase classname="simplesurance.CreateSingleInsuranceWithCardTestRunner" name="testLogin" time="1.389"/>
  <testcase classname="simplesurance.CreateSingleInsuranceWithCardTestRunner" name="testCreateInsuranceWithCard" time="7.357"/>
  <testcase classname="simplesurance.ImportMultipleInsuranceTestRunner" name="testLogin" time="1.274"/>
  <testcase classname="simplesurance.ImportMultipleInsuranceTestRunner" name="testImportInsurance" time="0.566"/>
</testsuite> <!-- Basic String ane Arithmatic Operations -->
