<?xml version="1.0" encoding="UTF-8"?>
<testsuite xmlns:xsi="http://www.w3.org/2001/XMLSchema-instance" xsi:noNamespaceSchemaLocation="https://maven.apache.org/surefire/maven-surefire-plugin/xsd/surefire-test-report.xsd" name="TestSuite" time="26.223" tests="6" errors="0" skipped="0" failures="0">
  <properties>
[...]
</properties>
  <testcase name="testLogin" classname="simplesurance.CreateSingleInsuranceWithDebitTestRunner" time="1.226"/>
  <testcase name="testCreateInsuranceWithDebit" classname="simplesurance.CreateSingleInsuranceWithDebitTestRunner" time="7.209"/>
  <testcase name="testLogin" classname="simplesurance.CreateSingleInsuranceWithCardTestRunner" time="1.39"/>
  <testcase name="testCreateInsuranceWithCard" classname="simplesurance.CreateSingleInsuranceWithCardTestRunner" time="7.358"/>
  <testcase name="testLogin" classname="simplesurance.ImportMultipleInsuranceTestRunner" time="1.274"/>
  <testcase name="testImportInsurance" classname="simplesurance.ImportMultipleInsuranceTestRunner" time="0.566"/>
</testsuite>