<?xml version="1.0" encoding="UTF-8"?>
<testng-results ignored="0" total="6" passed="6" failed="0" skipped="0">
  <reporter-output>
  </reporter-output>
  <suite started-at="2024-06-20T22:11:24 WEST" name="Default suite" finished-at="2024-06-20T22:11:51 WEST" duration-ms="27847">
    <groups>
    </groups>
    <test started-at="2024-06-20T22:11:24 WEST" name="Default test" finished-at="2024-06-20T22:11:51 WEST" duration-ms="27847">
      <class name="simplesurance.CreateSingleInsuranceWithDebitTestRunner">
        <test-method is-config="true" signature="setup()[pri:0, instance:simplesurance.CreateSingleInsuranceWithDebitTestRunner@124c278f]" started-at="2024-06-20T22:11:26 WEST" name="setup" finished-at="2024-06-20T22:11:28 WEST" duration-ms="2031" status="PASS">
          <reporter-output>
          </reporter-output>
        </test-method> <!-- setup -->
        <test-method signature="testLogin()[pri:0, instance:simplesurance.CreateSingleInsuranceWithDebitTestRunner@124c278f]" started-at="2024-06-20T22:11:31 WEST" name="testLogin" finished-at="2024-06-20T22:11:32 WEST" duration-ms="1340" status="PASS">
          <reporter-output>
          </reporter-output>
        </test-method> <!-- testLogin -->
        <test-method signature="testCreateInsuranceWithDebit()[pri:1, instance:simplesurance.CreateSingleInsuranceWithDebitTestRunner@124c278f]" started-at="2024-06-20T22:11:32 WEST" name="testCreateInsuranceWithDebit" finished-at="2024-06-20T22:11:40 WEST" duration-ms="7817" status="PASS">
          <reporter-output>
          </reporter-output>
        </test-method> <!-- testCreateInsuranceWithDebit -->
        <test-method is-config="true" signature="quitDriver()[pri:0, instance:simplesurance.CreateSingleInsuranceWithDebitTestRunner@124c278f]" started-at="2024-06-20T22:11:51 WEST" name="quitDriver" finished-at="2024-06-20T22:11:51 WEST" duration-ms="107" status="PASS">
          <reporter-output>
          </reporter-output>
        </test-method> <!-- quitDriver -->
      </class> <!-- simplesurance.CreateSingleInsuranceWithDebitTestRunner -->
      <class name="simplesurance.CreateSingleInsuranceWithCardTestRunner">
        <test-method is-config="true" signature="setup()[pri:0, instance:simplesurance.CreateSingleInsuranceWithCardTestRunner@33afa13b]" started-at="2024-06-20T22:11:24 WEST" name="setup" finished-at="2024-06-20T22:11:26 WEST" duration-ms="2696" status="PASS">
          <reporter-output>
          </reporter-output>
        </test-method> <!-- setup -->
        <test-method signature="testLogin()[pri:0, instance:simplesurance.CreateSingleInsuranceWithCardTestRunner@33afa13b]" started-at="2024-06-20T22:11:40 WEST" name="testLogin" finished-at="2024-06-20T22:11:42 WEST" duration-ms="1526" status="PASS">
          <reporter-output>
          </reporter-output>
        </test-method> <!-- testLogin -->
        <test-method signature="testCreateInsuranceWithCard()[pri:1, instance:simplesurance.CreateSingleInsuranceWithCardTestRunner@33afa13b]" started-at="2024-06-20T22:11:42 WEST" name="testCreateInsuranceWithCard" finished-at="2024-06-20T22:11:49 WEST" duration-ms="7404" status="PASS">
          <reporter-output>
          </reporter-output>
        </test-method> <!-- testCreateInsuranceWithCard -->
        <test-method is-config="true" signature="quitDriver()[pri:0, instance:simplesurance.CreateSingleInsuranceWithCardTestRunner@33afa13b]" started-at="2024-06-20T22:11:51 WEST" name="quitDriver" finished-at="2024-06-20T22:11:51 WEST" duration-ms="115" status="PASS">
          <reporter-output>
          </reporter-output>
        </test-method> <!-- quitDriver -->
      </class> <!-- simplesurance.CreateSingleInsuranceWithCardTestRunner -->
      <class name="simplesurance.ImportMultipleInsuranceTestRunner">
        <test-method is-config="true" signature="setup()[pri:0, instance:simplesurance.ImportMultipleInsuranceTestRunner@7a4ccb53]" started-at="2024-06-20T22:11:28 WEST" name="setup" finished-at="2024-06-20T22:11:31 WEST" duration-ms="2662" status="PASS">
          <reporter-output>
          </reporter-output>
        </test-method> <!-- setup -->
        <test-method signature="testLogin()[pri:0, instance:simplesurance.ImportMultipleInsuranceTestRunner@7a4ccb53]" started-at="2024-06-20T22:11:49 WEST" name="testLogin" finished-at="2024-06-20T22:11:50 WEST" duration-ms="1395" status="PASS">
          <reporter-output>
          </reporter-output>
        </test-method> <!-- testLogin -->
        <test-method signature="testImportInsurance()[pri:1, instance:simplesurance.ImportMultipleInsuranceTestRunner@7a4ccb53]" started-at="2024-06-20T22:11:50 WEST" name="testImportInsurance" finished-at="2024-06-20T22:11:51 WEST" duration-ms="617" status="PASS">
          <reporter-output>
          </reporter-output>
        </test-method> <!-- testImportInsurance -->
        <test-method is-config="true" signature="quitDriver()[pri:0, instance:simplesurance.ImportMultipleInsuranceTestRunner@7a4ccb53]" started-at="2024-06-20T22:11:51 WEST" name="quitDriver" finished-at="2024-06-20T22:11:51 WEST" duration-ms="101" status="PASS">
          <reporter-output>
          </reporter-output>
        </test-method> <!-- quitDriver -->
      </class> <!-- simplesurance.ImportMultipleInsuranceTestRunner -->
    </test> <!-- Default test -->
  </suite> <!-- Default suite -->
</testng-results>
