<?xml version="1.0" encoding="UTF-8"?>
<!-- Generated by org.testng.reporters.JUnitXMLReporter -->
<testsuite ignored="0" hostname="Users-MBP.lan" failures="0" tests="6" name="Default test" time="27.847" errors="0" timestamp="2024-06-20T22:11:51 WEST">
  <testcase classname="simplesurance.CreateSingleInsuranceWithDebitTestRunner" name="testLogin" time="1.34"/>
  <testcase classname="simplesurance.CreateSingleInsuranceWithDebitTestRunner" name="testCreateInsuranceWithDebit" time="7.817"/>
  <testcase classname="simplesurance.CreateSingleInsuranceWithCardTestRunner" name="testLogin" time="1.526"/>
  <testcase classname="simplesurance.CreateSingleInsuranceWithCardTestRunner" name="testCreateInsuranceWithCard" time="7.404"/>
  <testcase classname="simplesurance.ImportMultipleInsuranceTestRunner" name="testLogin" time="1.395"/>
  <testcase classname="simplesurance.ImportMultipleInsuranceTestRunner" name="testImportInsurance" time="0.617"/>
</testsuite> <!-- Default test -->
